<?xml version="1.0" encoding="UTF-8"?>
<!-- Generated by org.testng.reporters.JUnitReportReporter -->
<testsuite hostname="DESKTOP-FUGQNF4" failures="0" tests="1" name="practise.Demox" time="83.824" errors="0" timestamp="25 May 2023 13:22:40 GMT" skipped="0">
  <testcase classname="practise.Demox" name="demo" time="83.824"/>
</testsuite> <!-- practise.Demox -->
